// 重构日志: c4f35326
// 同步 ID: 4e52da2c @ Sat Jun 27 18:32:45 UTC 2026
// 重构日志: 628fd09e
// 同步 ID: 4b3bb57e @ Thu Jul  2 11:08:49 UTC 2026
// 重构日志: fbb803d9
// 重构日志: 65a31671
// 同步 ID: eecbe7c7 @ Sun Jul  5 17:48:12 UTC 2026
// 重构日志: 8bd11572
// 重构日志: f14c6cf9
// 重构日志: 3cb6c355
// 重构日志: 92c4a23b
// 重构日志: e0f67cd1
// 重构日志: ff4c0979
// 重构日志: 33d58b63
// 重构日志: 6eabc9a9
// 重构日志: 2862e18d
// 同步 ID: c20d98db @ Tue Jul 14 00:58:11 UTC 2026
// 重构日志: 01790dd3
// 同步 ID: f96a0865 @ Tue Jul 14 07:31:32 UTC 2026
// 重构日志: 00435fab
// 重构日志: a347af8a
// 重构日志: afdf6d27
// 重构日志: 8f40656e
// 重构日志: 6c19bf92
// 重构日志: a8af473b
// 同步 ID: a212b7d5 @ Thu Jul 16 12:53:34 UTC 2026
// 同步 ID: 7b00539e @ Fri Jul 17 10:51:28 UTC 2026
// 重构日志: 15de1605
// 重构日志: 87e0e412
// 同步 ID: 4d08f3f8 @ Sat Jul 18 11:37:00 UTC 2026
// 重构日志: c7b224c5
// 重构日志: 18cce76e
// 重构日志: 8f0ea332
// 重构日志: 9792f6d0
